app/build/intermediates/manifest_merge_blame_file/debug/manifest-merger-blame-debug-report.txt
1<?xml version="1.0" encoding="utf-8"?>
2<manifest xmlns:android="http://schemas.android.com/apk/res/android"
3    package="com.example.easyship"
4    android:versionCode="1"
5    android:versionName="1.0" >
6
7    <uses-sdk
8        android:minSdkVersion="19"
8-->src\main\AndroidManifest.xml
9        android:targetSdkVersion="29" />
9-->src\main\AndroidManifest.xml
10
11    <!-- Although the *SdkVersion is captured in gradle build files, this is required for non gradle builds -->
12    <!-- <uses-sdk android:minSdkVersion="14"/> -->
13    <uses-permission android:name="android.permission.ACCESS_NETWORK_STATE" />
13-->[com.google.firebase:firebase-storage:19.1.1] AndroidManifest.xml:26:5-79
13-->[com.google.firebase:firebase-storage:19.1.1] AndroidManifest.xml:26:22-76
14    <uses-permission android:name="android.permission.INTERNET" />
14-->[com.google.firebase:firebase-storage:19.1.1] AndroidManifest.xml:27:5-67
14-->[com.google.firebase:firebase-storage:19.1.1] AndroidManifest.xml:27:22-64
15
16    <application
16-->src\main\AndroidManifest.xml:5:5-23:19
17        android:allowBackup="true"
17-->src\main\AndroidManifest.xml:6:9-35
18        android:appComponentFactory="androidx.core.app.CoreComponentFactory"
18-->[androidx.core:core:1.3.0] AndroidManifest.xml:24:18-86
19        android:debuggable="true"
20        android:icon="@mipmap/ic_launcher"
20-->src\main\AndroidManifest.xml:7:9-43
21        android:label="@string/app_name"
21-->src\main\AndroidManifest.xml:8:9-41
22        android:roundIcon="@mipmap/ic_launcher_round"
22-->src\main\AndroidManifest.xml:9:9-54
23        android:supportsRtl="true"
23-->src\main\AndroidManifest.xml:10:9-35
24        android:testOnly="true"
25        android:theme="@style/AppTheme" >
25-->src\main\AndroidManifest.xml:11:9-40
26        <activity android:name="com.example.easyship.controllers.activities.ParcelStudioActivity" />
26-->src\main\AndroidManifest.xml:12:9-90
26-->src\main\AndroidManifest.xml:12:19-78
27        <activity android:name="com.example.easyship.controllers.activities.IncludedParcelsActivity" />
27-->src\main\AndroidManifest.xml:13:9-84
27-->src\main\AndroidManifest.xml:13:19-81
28        <activity android:name="com.example.easyship.controllers.activities.ShipmentStudioActivity" />
28-->src\main\AndroidManifest.xml:14:9-83
28-->src\main\AndroidManifest.xml:14:19-80
29        <activity android:name="com.example.easyship.controllers.activities.ProfileActivity" />
29-->src\main\AndroidManifest.xml:15:9-76
29-->src\main\AndroidManifest.xml:15:19-73
30        <activity android:name="com.example.easyship.controllers.activities.MainActivity" >
30-->src\main\AndroidManifest.xml:16:9-22:20
30-->src\main\AndroidManifest.xml:16:19-70
31            <intent-filter>
31-->src\main\AndroidManifest.xml:17:13-21:29
32                <action android:name="android.intent.action.MAIN" />
32-->src\main\AndroidManifest.xml:18:17-69
32-->src\main\AndroidManifest.xml:18:25-66
33
34                <category android:name="android.intent.category.LAUNCHER" />
34-->src\main\AndroidManifest.xml:20:17-77
34-->src\main\AndroidManifest.xml:20:27-74
35            </intent-filter>
36        </activity>
37
38        <service
38-->[com.google.firebase:firebase-storage:19.1.1] AndroidManifest.xml:30:9-36:19
39            android:name="com.google.firebase.components.ComponentDiscoveryService"
39-->[com.google.firebase:firebase-storage:19.1.1] AndroidManifest.xml:31:13-84
40            android:directBootAware="true"
40-->[com.google.firebase:firebase-common:19.3.0] AndroidManifest.xml:34:13-43
41            android:exported="false" >
41-->[com.google.firebase:firebase-storage:19.1.1] AndroidManifest.xml:32:13-37
42            <meta-data
42-->[com.google.firebase:firebase-storage:19.1.1] AndroidManifest.xml:33:13-35:85
43                android:name="com.google.firebase.components:com.google.firebase.storage.StorageRegistrar"
43-->[com.google.firebase:firebase-storage:19.1.1] AndroidManifest.xml:34:17-107
44                android:value="com.google.firebase.components.ComponentRegistrar" />
44-->[com.google.firebase:firebase-storage:19.1.1] AndroidManifest.xml:35:17-82
45            <meta-data
45-->[com.google.firebase:firebase-auth:19.3.2] AndroidManifest.xml:36:13-38:85
46                android:name="com.google.firebase.components:com.google.firebase.auth.FirebaseAuthRegistrar"
46-->[com.google.firebase:firebase-auth:19.3.2] AndroidManifest.xml:37:17-109
47                android:value="com.google.firebase.components.ComponentRegistrar" />
47-->[com.google.firebase:firebase-auth:19.3.2] AndroidManifest.xml:38:17-82
48        </service>
49
50        <activity
50-->[com.google.firebase:firebase-auth:19.3.2] AndroidManifest.xml:24:9-31:50
51            android:name="com.google.firebase.auth.internal.FederatedSignInActivity"
51-->[com.google.firebase:firebase-auth:19.3.2] AndroidManifest.xml:25:13-85
52            android:excludeFromRecents="true"
52-->[com.google.firebase:firebase-auth:19.3.2] AndroidManifest.xml:26:13-46
53            android:exported="true"
53-->[com.google.firebase:firebase-auth:19.3.2] AndroidManifest.xml:27:13-36
54            android:launchMode="singleTask"
54-->[com.google.firebase:firebase-auth:19.3.2] AndroidManifest.xml:28:13-44
55            android:permission="com.google.firebase.auth.api.gms.permission.LAUNCH_FEDERATED_SIGN_IN"
55-->[com.google.firebase:firebase-auth:19.3.2] AndroidManifest.xml:29:13-102
56            android:theme="@android:style/Theme.Translucent.NoTitleBar" />
56-->[com.google.firebase:firebase-auth:19.3.2] AndroidManifest.xml:30:13-72
57        <activity
57-->[com.google.android.gms:play-services-base:17.1.0] AndroidManifest.xml:23:9-26:75
58            android:name="com.google.android.gms.common.api.GoogleApiActivity"
58-->[com.google.android.gms:play-services-base:17.1.0] AndroidManifest.xml:24:13-79
59            android:exported="false"
59-->[com.google.android.gms:play-services-base:17.1.0] AndroidManifest.xml:25:13-37
60            android:theme="@android:style/Theme.Translucent.NoTitleBar" />
60-->[com.google.android.gms:play-services-base:17.1.0] AndroidManifest.xml:26:13-72
61
62        <provider
62-->[com.google.firebase:firebase-common:19.3.0] AndroidManifest.xml:26:9-30:39
63            android:name="com.google.firebase.provider.FirebaseInitProvider"
63-->[com.google.firebase:firebase-common:19.3.0] AndroidManifest.xml:27:13-77
64            android:authorities="com.example.easyship.firebaseinitprovider"
64-->[com.google.firebase:firebase-common:19.3.0] AndroidManifest.xml:28:13-72
65            android:exported="false"
65-->[com.google.firebase:firebase-common:19.3.0] AndroidManifest.xml:29:13-37
66            android:initOrder="100" />
66-->[com.google.firebase:firebase-common:19.3.0] AndroidManifest.xml:30:13-36
67
68        <meta-data
68-->[com.google.android.gms:play-services-basement:17.0.0] AndroidManifest.xml:23:9-25:69
69            android:name="com.google.android.gms.version"
69-->[com.google.android.gms:play-services-basement:17.0.0] AndroidManifest.xml:24:13-58
70            android:value="@integer/google_play_services_version" />
70-->[com.google.android.gms:play-services-basement:17.0.0] AndroidManifest.xml:25:13-66
71    </application>
72
73</manifest>